[2019-05-06 08:37:23,826] multiqc                                            [DEBUG  ]  No MultiQC config found: /home/estrand/miniconda3/lib/python3.6/site-packages/multiqc_config.yaml
[2019-05-06 08:37:23,827] multiqc                                            [DEBUG  ]  No MultiQC config found: /home/estrand/.multiqc_config.yaml
[2019-05-06 08:37:23,827] multiqc                                            [DEBUG  ]  No MultiQC config found: multiqc_config.yaml
[2019-05-06 08:37:23,827] multiqc                                            [DEBUG  ]  Command used: /home/estrand/miniconda3/bin/multiqc .
[2019-05-06 08:37:24,770] multiqc                                            [DEBUG  ]  Latest MultiQC version is v1.7
[2019-05-06 08:37:24,770] multiqc                                            [INFO   ]  This is MultiQC v1.7
[2019-05-06 08:37:24,771] multiqc                                            [DEBUG  ]  Command     : /home/estrand/miniconda3/bin/multiqc .
[2019-05-06 08:37:24,771] multiqc                                            [DEBUG  ]  Working dir : /home/estrand/Final_Project/1mis_Demultiplexed_Data/1mis_fastqc_results
[2019-05-06 08:37:24,771] multiqc                                            [INFO   ]  Template    : default
[2019-05-06 08:37:24,771] multiqc                                            [INFO   ]  Searching '.'
[2019-05-06 08:37:24,771] multiqc                                            [DEBUG  ]  Analysing modules: custom_content, conpair, peddy, methylQA, phantompeakqualtools, qualimap, preseq, quast, qorts, rna_seqc, rsem, rseqc, busco, goleft_indexcov, disambiguate, supernova, deeptools, sargasso, verifybamid, mirtrace, happy, homer, macs2, theta2, snpeff, gatk, htseq, bcftools, featureCounts, dedup, damageprofiler, picard, prokka, samblaster, samtools, bamtools, jellyfish, vcftools, longranger, stacks, bbmap, bismark, biscuit, hicexplorer, hicup, hicpro, salmon, kallisto, slamdunk, star, hisat2, tophat, bowtie2, bowtie1, kat, leehom, adapterRemoval, clipandmerge, cutadapt, flexbar, trimmomatic, skewer, sortmerna, biobloomtools, fastq_screen, afterqc, fastp, fastqc, minionqc, clusterflow, bcl2fastq, interop, flash
[2019-05-06 08:37:24,771] multiqc                                            [DEBUG  ]  Using temporary directory for creating report: /tmp/tmpxvhj_n0u
[2019-05-06 08:37:25,070] multiqc                                            [DEBUG  ]  Ignoring file as matched an ignore pattern: Geo29-dd.F_fastqc.html
[2019-05-06 08:37:25,100] multiqc                                            [DEBUG  ]  Ignoring file as matched an ignore pattern: Geo29-dd.R_fastqc.html
[2019-05-06 08:37:25,100] multiqc                                            [DEBUG  ]  Ignoring file as matched an ignore pattern: Geo29-Epi.F_fastqc.html
[2019-05-06 08:37:25,100] multiqc                                            [DEBUG  ]  Ignoring file as matched an ignore pattern: Geo29-Epi.R_fastqc.html
[2019-05-06 08:37:25,101] multiqc                                            [DEBUG  ]  Ignoring file as matched an ignore pattern: Geo30-dd.F_fastqc.html
[2019-05-06 08:37:25,101] multiqc                                            [DEBUG  ]  Ignoring file as matched an ignore pattern: Geo30-dd.R_fastqc.html
[2019-05-06 08:37:25,101] multiqc                                            [DEBUG  ]  Ignoring file as matched an ignore pattern: Geo30-Epi.F_fastqc.html
[2019-05-06 08:37:25,102] multiqc                                            [DEBUG  ]  Ignoring file as matched an ignore pattern: Geo30-Epi.R_fastqc.html
[2019-05-06 08:37:25,102] multiqc                                            [DEBUG  ]  Ignoring file as matched an ignore pattern: Geo32-dd.F_fastqc.html
[2019-05-06 08:37:25,102] multiqc                                            [DEBUG  ]  Ignoring file as matched an ignore pattern: Geo32-dd.R_fastqc.html
[2019-05-06 08:37:25,102] multiqc                                            [DEBUG  ]  Ignoring file as matched an ignore pattern: Geo32-Epi.F_fastqc.html
[2019-05-06 08:37:25,103] multiqc                                            [DEBUG  ]  Ignoring file as matched an ignore pattern: Geo32-Epi.R_fastqc.html
[2019-05-06 08:37:25,103] multiqc                                            [DEBUG  ]  Ignoring file as matched an ignore pattern: Geo33-dd.F_fastqc.html
[2019-05-06 08:37:25,103] multiqc                                            [DEBUG  ]  Ignoring file as matched an ignore pattern: Geo33-dd.R_fastqc.html
[2019-05-06 08:37:25,103] multiqc                                            [DEBUG  ]  Ignoring file as matched an ignore pattern: Geo33-Epi.F_fastqc.html
[2019-05-06 08:37:25,104] multiqc                                            [DEBUG  ]  Ignoring file as matched an ignore pattern: Geo33-Epi.R_fastqc.html
[2019-05-06 08:37:25,104] multiqc                                            [DEBUG  ]  Ignoring file as matched an ignore pattern: Geo34-dd.F_fastqc.html
[2019-05-06 08:37:25,104] multiqc                                            [DEBUG  ]  Ignoring file as matched an ignore pattern: Geo34-dd.R_fastqc.html
[2019-05-06 08:37:25,104] multiqc                                            [DEBUG  ]  Ignoring file as matched an ignore pattern: Geo34-Epi.F_fastqc.html
[2019-05-06 08:37:25,105] multiqc                                            [DEBUG  ]  Ignoring file as matched an ignore pattern: Geo34-Epi.R_fastqc.html
[2019-05-06 08:37:25,105] multiqc                                            [DEBUG  ]  Ignoring file as matched an ignore pattern: Geo35-dd.F_fastqc.html
[2019-05-06 08:37:25,105] multiqc                                            [DEBUG  ]  Ignoring file as matched an ignore pattern: Geo35-dd.R_fastqc.html
[2019-05-06 08:37:25,106] multiqc                                            [DEBUG  ]  Ignoring file as matched an ignore pattern: Geo35-Epi.F_fastqc.html
[2019-05-06 08:37:25,106] multiqc                                            [DEBUG  ]  Ignoring file as matched an ignore pattern: Geo35-Epi.R_fastqc.html
[2019-05-06 08:37:25,106] multiqc                                            [DEBUG  ]  Ignoring file as matched an ignore pattern: Geo3-dd.F_fastqc.html
[2019-05-06 08:37:25,106] multiqc                                            [DEBUG  ]  Ignoring file as matched an ignore pattern: Geo3-dd.R_fastqc.html
[2019-05-06 08:37:25,107] multiqc                                            [DEBUG  ]  Ignoring file as matched an ignore pattern: Geo3-Epi.F_fastqc.html
[2019-05-06 08:37:25,107] multiqc                                            [DEBUG  ]  Ignoring file as matched an ignore pattern: Geo3-Epi.R_fastqc.html
[2019-05-06 08:37:25,107] multiqc                                            [DEBUG  ]  Ignoring file as matched an ignore pattern: Geo4-dd.F_fastqc.html
[2019-05-06 08:37:25,107] multiqc                                            [DEBUG  ]  Ignoring file as matched an ignore pattern: Geo4-dd.R_fastqc.html
[2019-05-06 08:37:25,108] multiqc                                            [DEBUG  ]  Ignoring file as matched an ignore pattern: Geo4-Epi.F_fastqc.html
[2019-05-06 08:37:25,108] multiqc                                            [DEBUG  ]  Ignoring file as matched an ignore pattern: Geo4-Epi.R_fastqc.html
[2019-05-06 08:37:25,108] multiqc                                            [DEBUG  ]  Ignoring file as matched an ignore pattern: Geo60-dd.F_fastqc.html
[2019-05-06 08:37:25,108] multiqc                                            [DEBUG  ]  Ignoring file as matched an ignore pattern: Geo60-dd.R_fastqc.html
[2019-05-06 08:37:25,109] multiqc                                            [DEBUG  ]  Ignoring file as matched an ignore pattern: Geo60-Epi.F_fastqc.html
[2019-05-06 08:37:25,109] multiqc                                            [DEBUG  ]  Ignoring file as matched an ignore pattern: Geo60-Epi.R_fastqc.html
[2019-05-06 08:37:25,109] multiqc                                            [DEBUG  ]  Ignoring file as matched an ignore pattern: Geo66-dd.F_fastqc.html
[2019-05-06 08:37:25,110] multiqc                                            [DEBUG  ]  Ignoring file as matched an ignore pattern: Geo66-dd.R_fastqc.html
[2019-05-06 08:37:25,110] multiqc                                            [DEBUG  ]  Ignoring file as matched an ignore pattern: Geo66-Epi.F_fastqc.html
[2019-05-06 08:37:25,110] multiqc                                            [DEBUG  ]  Ignoring file as matched an ignore pattern: Geo66-Epi.R_fastqc.html
[2019-05-06 08:37:26,342] multiqc                                            [DEBUG  ]  No samples found: custom_content
[2019-05-06 08:37:26,357] multiqc                                            [DEBUG  ]  No samples found: conpair
[2019-05-06 08:37:26,360] multiqc                                            [DEBUG  ]  No samples found: peddy
[2019-05-06 08:37:26,389] multiqc                                            [DEBUG  ]  No samples found: methylQA
[2019-05-06 08:37:26,398] multiqc                                            [DEBUG  ]  No samples found: phantompeakqualtools
[2019-05-06 08:37:26,437] multiqc                                            [DEBUG  ]  No samples found: qualimap
[2019-05-06 08:37:26,454] multiqc                                            [DEBUG  ]  No samples found: preseq
[2019-05-06 08:37:26,495] multiqc                                            [DEBUG  ]  No samples found: quast
[2019-05-06 08:37:26,498] multiqc                                            [DEBUG  ]  No samples found: qorts
[2019-05-06 08:37:26,517] multiqc                                            [DEBUG  ]  No samples found: rna_seqc
[2019-05-06 08:37:26,520] multiqc                                            [DEBUG  ]  No samples found: rsem
[2019-05-06 08:37:26,602] multiqc                                            [DEBUG  ]  No samples found: rseqc
[2019-05-06 08:37:26,614] multiqc                                            [DEBUG  ]  No samples found: busco
[2019-05-06 08:37:26,620] multiqc                                            [DEBUG  ]  No samples found: goleft_indexcov
[2019-05-06 08:37:26,629] multiqc                                            [DEBUG  ]  No samples found: disambiguate
[2019-05-06 08:37:26,644] multiqc                                            [DEBUG  ]  No samples found: supernova
[2019-05-06 08:37:26,656] multiqc                                            [DEBUG  ]  No samples found: deeptools
[2019-05-06 08:37:26,659] multiqc                                            [DEBUG  ]  No samples found: sargasso
[2019-05-06 08:37:26,662] multiqc                                            [DEBUG  ]  No samples found: verifybamid
[2019-05-06 08:37:26,686] multiqc                                            [DEBUG  ]  No samples found: mirtrace
[2019-05-06 08:37:26,697] multiqc                                            [DEBUG  ]  No samples found: happy
[2019-05-06 08:37:26,744] multiqc                                            [DEBUG  ]  No samples found: homer
[2019-05-06 08:37:26,755] multiqc                                            [DEBUG  ]  No samples found: macs2
[2019-05-06 08:37:26,758] multiqc                                            [DEBUG  ]  No samples found: theta2
[2019-05-06 08:37:26,761] multiqc                                            [DEBUG  ]  No samples found: snpeff
[2019-05-06 08:37:26,766] multiqc                                            [DEBUG  ]  No samples found: gatk
[2019-05-06 08:37:26,770] multiqc                                            [DEBUG  ]  No samples found: htseq
[2019-05-06 08:37:26,795] multiqc                                            [DEBUG  ]  No samples found: bcftools
[2019-05-06 08:37:26,808] multiqc                                            [DEBUG  ]  No samples found: featureCounts
[2019-05-06 08:37:26,817] multiqc                                            [DEBUG  ]  No samples found: dedup
[2019-05-06 08:37:26,830] multiqc                                            [DEBUG  ]  No samples found: damageprofiler
[2019-05-06 08:37:26,861] multiqc                                            [DEBUG  ]  No samples found: picard
[2019-05-06 08:37:26,878] multiqc                                            [DEBUG  ]  No samples found: prokka
[2019-05-06 08:37:26,881] multiqc                                            [DEBUG  ]  No samples found: samblaster
[2019-05-06 08:37:26,886] multiqc                                            [DEBUG  ]  No samples found: samtools
[2019-05-06 08:37:26,900] multiqc                                            [DEBUG  ]  No samples found: bamtools
[2019-05-06 08:37:26,903] multiqc                                            [DEBUG  ]  No samples found: jellyfish
[2019-05-06 08:37:26,928] multiqc                                            [DEBUG  ]  No samples found: vcftools
[2019-05-06 08:37:26,942] multiqc                                            [DEBUG  ]  No samples found: longranger
[2019-05-06 08:37:26,945] multiqc                                            [DEBUG  ]  No samples found: stacks
[2019-05-06 08:37:26,976] multiqc                                            [DEBUG  ]  No samples found: bbmap
[2019-05-06 08:37:26,991] multiqc                                            [DEBUG  ]  No samples found: bismark
[2019-05-06 08:37:27,014] multiqc                                            [DEBUG  ]  No samples found: biscuit
[2019-05-06 08:37:27,024] multiqc                                            [DEBUG  ]  No samples found: hicexplorer
[2019-05-06 08:37:27,039] multiqc                                            [DEBUG  ]  No samples found: hicup
[2019-05-06 08:37:27,051] multiqc                                            [DEBUG  ]  No samples found: hicpro
[2019-05-06 08:37:27,054] multiqc                                            [DEBUG  ]  No samples found: salmon
[2019-05-06 08:37:27,057] multiqc                                            [DEBUG  ]  No samples found: kallisto
[2019-05-06 08:37:27,060] multiqc                                            [DEBUG  ]  No samples found: slamdunk
[2019-05-06 08:37:27,063] multiqc                                            [DEBUG  ]  No samples found: star
[2019-05-06 08:37:27,087] multiqc                                            [DEBUG  ]  No samples found: hisat2
[2019-05-06 08:37:27,090] multiqc                                            [DEBUG  ]  No samples found: tophat
[2019-05-06 08:37:27,109] multiqc                                            [DEBUG  ]  No samples found: bowtie2
[2019-05-06 08:37:27,125] multiqc                                            [DEBUG  ]  No samples found: bowtie1
[2019-05-06 08:37:27,138] multiqc                                            [DEBUG  ]  No samples found: kat
[2019-05-06 08:37:27,149] multiqc                                            [DEBUG  ]  No samples found: leehom
[2019-05-06 08:37:27,164] multiqc                                            [DEBUG  ]  No samples found: adapterRemoval
[2019-05-06 08:37:27,168] multiqc                                            [DEBUG  ]  No samples found: clipandmerge
[2019-05-06 08:37:27,171] multiqc                                            [DEBUG  ]  No samples found: cutadapt
[2019-05-06 08:37:27,174] multiqc                                            [DEBUG  ]  No samples found: flexbar
[2019-05-06 08:37:27,189] multiqc                                            [DEBUG  ]  No samples found: trimmomatic
[2019-05-06 08:37:27,192] multiqc                                            [DEBUG  ]  No samples found: skewer
[2019-05-06 08:37:27,203] multiqc                                            [DEBUG  ]  No samples found: sortmerna
[2019-05-06 08:37:27,215] multiqc                                            [DEBUG  ]  No samples found: biobloomtools
[2019-05-06 08:37:27,218] multiqc                                            [DEBUG  ]  No samples found: fastq_screen
[2019-05-06 08:37:27,229] multiqc                                            [DEBUG  ]  No samples found: afterqc
[2019-05-06 08:37:27,243] multiqc                                            [DEBUG  ]  No samples found: fastp
[2019-05-06 08:37:27,334] multiqc.modules.fastqc.fastqc                      [INFO   ]  Found 40 reports
[2019-05-06 08:37:27,757] multiqc                                            [DEBUG  ]  No samples found: minionqc
[2019-05-06 08:37:27,764] multiqc                                            [DEBUG  ]  No samples found: clusterflow
[2019-05-06 08:37:27,785] multiqc                                            [DEBUG  ]  No samples found: bcl2fastq
[2019-05-06 08:37:27,824] multiqc                                            [DEBUG  ]  No samples found: interop
[2019-05-06 08:37:27,827] multiqc                                            [DEBUG  ]  No samples found: flash
[2019-05-06 08:37:27,870] multiqc                                            [INFO   ]  Compressing plot data
[2019-05-06 08:37:28,312] multiqc                                            [INFO   ]  Report      : multiqc_report.html
[2019-05-06 08:37:28,312] multiqc                                            [INFO   ]  Data        : multiqc_data
[2019-05-06 08:37:28,313] multiqc                                            [DEBUG  ]  Moving data file from '/tmp/tmpxvhj_n0u/multiqc_data/multiqc_data.json' to '/home/estrand/Final_Project/1mis_Demultiplexed_Data/1mis_fastqc_results/multiqc_data'
[2019-05-06 08:37:28,315] multiqc                                            [DEBUG  ]  Moving data file from '/tmp/tmpxvhj_n0u/multiqc_data/multiqc_sources.txt' to '/home/estrand/Final_Project/1mis_Demultiplexed_Data/1mis_fastqc_results/multiqc_data'
[2019-05-06 08:37:28,315] multiqc                                            [DEBUG  ]  Moving data file from '/tmp/tmpxvhj_n0u/multiqc_data/multiqc_general_stats.txt' to '/home/estrand/Final_Project/1mis_Demultiplexed_Data/1mis_fastqc_results/multiqc_data'
[2019-05-06 08:37:28,315] multiqc                                            [DEBUG  ]  Moving data file from '/tmp/tmpxvhj_n0u/multiqc_data/multiqc_fastqc.txt' to '/home/estrand/Final_Project/1mis_Demultiplexed_Data/1mis_fastqc_results/multiqc_data'
[2019-05-06 08:37:28,671] multiqc                                            [INFO   ]  MultiQC complete
